<?xml version="1.0" encoding="UTF-8"?>
<!-- Generated by org.testng.reporters.JUnitXMLReporter -->
<testsuite hostname="DESKTOP-M07703K" ignored="0" name="Regression Login Test - chrome " tests="3" failures="0" timestamp="06 Jun 2020 13:52:57 GMT" time="32.341" errors="0">
  <testcase name="hubSpotPageLoginPageTitle" time="10.603" classname="com.qa.hubspotapp.test.LoginPageTest"/>
  <testcase name="hubSpotSignUpLink_IsPresent" time="1.794" classname="com.qa.hubspotapp.test.LoginPageTest"/>
  <testcase name="hubSpotLogin" time="11.153" classname="com.qa.hubspotapp.test.LoginPageTest"/>
</testsuite> <!-- Regression Login Test - chrome  -->
