<?xml version="1.0" encoding="UTF-8"?>
<!-- Generated by org.testng.reporters.JUnitXMLReporter -->
<testsuite hostname="DESKTOP-M07703K" ignored="0" name="Regression Login Test - FF " tests="3" failures="0" timestamp="06 Jun 2020 13:52:57 GMT" time="32.799" errors="0">
  <testcase name="verifyHomePageTitle" time="5.159" classname="com.qa.hubspotapp.test.HomePageTest"/>
  <testcase name="verifyContactsLinkText" time="1.559" classname="com.qa.hubspotapp.test.HomePageTest"/>
  <testcase name="verifyConversationsLinkText" time="1.593" classname="com.qa.hubspotapp.test.HomePageTest"/>
</testsuite> <!-- Regression Login Test - FF  -->
