<?xml version="1.0" encoding="UTF-8"?>
<!-- Generated by org.testng.reporters.JUnitXMLReporter -->
<testsuite hostname="DESKTOP-M07703K" ignored="0" name="Regression Login Test- chrome " tests="3" failures="0" timestamp="06 Jun 2020 13:51:14 GMT" time="31.756" errors="0">
  <testcase name="hubSpotPageLoginPageTitle" time="10.146" classname="com.qa.hubspotapp.test.LoginPageTest"/>
  <testcase name="hubSpotSignUpLink_IsPresent" time="1.636" classname="com.qa.hubspotapp.test.LoginPageTest"/>
  <testcase name="hubSpotLogin" time="10.904" classname="com.qa.hubspotapp.test.LoginPageTest"/>
</testsuite> <!-- Regression Login Test- chrome  -->
