<?xml version="1.0" encoding="UTF-8"?>
<!-- Generated by org.testng.reporters.JUnitXMLReporter -->
<testsuite hostname="DESKTOP-M07703K" ignored="0" name="Regression Login Test - chrome" tests="3" failures="0" timestamp="06 Jun 2020 14:14:12 GMT" time="33.518" errors="0">
  <testcase name="verifyHomePageTitle" time="3.13" classname="com.qa.hubspotapp.test.HomePageTest"/>
  <testcase name="verifyContactsLinkText" time="3.121" classname="com.qa.hubspotapp.test.HomePageTest"/>
  <testcase name="verifyConversationsLinkText" time="1.611" classname="com.qa.hubspotapp.test.HomePageTest"/>
</testsuite> <!-- Regression Login Test - chrome -->
