<?xml version="1.0" encoding="UTF-8"?>
<!-- Generated by org.testng.reporters.JUnitXMLReporter -->
<testsuite hostname="DESKTOP-M07703K" ignored="0" name="Regression Login Test - firefox" tests="4" failures="2" timestamp="06 Jun 2020 14:14:47 GMT" time="68.702" errors="0">
  <testcase name="hubSpotPageLoginPageTitle" time="17.374" classname="com.qa.hubspotapp.test.LoginPageTest">
    <failure type="java.lang.AssertionError" message="expected [HubSpot Login] but found [Checking browser]">
      <![CDATA[java.lang.AssertionError: expected [HubSpot Login] but found [Checking browser]
at com.qa.hubspotapp.test.LoginPageTest.hubSpotPageLoginPageTitle(LoginPageTest.java:69)
at java.util.concurrent.ThreadPoolExecutor.runWorker(ThreadPoolExecutor.java:1142)
at java.util.concurrent.ThreadPoolExecutor$Worker.run(ThreadPoolExecutor.java:617)
at java.lang.Thread.run(Thread.java:748)
... Removed 16 stack frames]]>
    </failure>
  </testcase> <!-- hubSpotPageLoginPageTitle -->
  <testcase name="hubSpotPageLoginPageTitle" time="17.387" classname="com.qa.hubspotapp.test.LoginPageTest">
    <failure type="java.lang.NullPointerException">
      <![CDATA[java.lang.NullPointerException
at com.qa.hubspotapp.base.BasePage.getScreenshot(BasePage.java:111)
at com.qa.hubspotapp.listneres.ExtentReportListener.onTestFailure(ExtentReportListener.java:99)
at java.util.concurrent.ThreadPoolExecutor.runWorker(ThreadPoolExecutor.java:1142)
at java.util.concurrent.ThreadPoolExecutor$Worker.run(ThreadPoolExecutor.java:617)
at java.lang.Thread.run(Thread.java:748)
... Removed 7 stack frames]]>
    </failure>
  </testcase> <!-- hubSpotPageLoginPageTitle -->
  <testcase name="hubSpotSignUpLink_IsPresent" time="9.37" classname="com.qa.hubspotapp.test.LoginPageTest"/>
  <testcase name="hubSpotLogin" time="9.871" classname="com.qa.hubspotapp.test.LoginPageTest"/>
</testsuite> <!-- Regression Login Test - firefox -->
