<?xml version="1.0" encoding="UTF-8"?>
<!-- Generated by org.testng.reporters.JUnitXMLReporter -->
<testsuite hostname="DESKTOP-M07703K" ignored="0" name="Regression Login Test- FF " tests="3" failures="0" timestamp="06 Jun 2020 13:51:17 GMT" time="35.0" errors="0">
  <testcase name="verifyHomePageTitle" time="4.869" classname="com.qa.hubspotapp.test.HomePageTest"/>
  <testcase name="verifyContactsLinkText" time="1.587" classname="com.qa.hubspotapp.test.HomePageTest"/>
  <testcase name="verifyConversationsLinkText" time="2.327" classname="com.qa.hubspotapp.test.HomePageTest"/>
</testsuite> <!-- Regression Login Test- FF  -->
