<?xml version="1.0" encoding="UTF-8"?>
<!-- Generated by org.testng.reporters.JUnitXMLReporter -->
<testsuite hostname="DESKTOP-M07703K" ignored="0" name="Default test" tests="4" failures="0" timestamp="05 Jun 2020 17:16:03 GMT" time="167.712" errors="0">
  <testcase name="verifyHomePageTitle" time="0.599" classname="com.qa.hubspotapp.test.ContactsPageTest"/>
  <testcase name="verifyCreateAccount" time="16.244" classname="com.qa.hubspotapp.test.ContactsPageTest"/>
  <testcase name="verifyCreateAccount" time="16.411" classname="com.qa.hubspotapp.test.ContactsPageTest"/>
  <testcase name="verifyCreateAccount" time="16.655" classname="com.qa.hubspotapp.test.ContactsPageTest"/>
</testsuite> <!-- Default test -->
