<?xml version="1.0" encoding="UTF-8" ?>
<testsuite tests="3" failures="0" name="com.qa.hubspotapp.test.LoginPageTest" time="23.755" errors="0" skipped="0">
  <properties>
[...]
</properties>
  <testcase classname="com.qa.hubspotapp.test.LoginPageTest" name="hubSpotPageLoginPageTitle" time="10.035"/>
  <testcase classname="com.qa.hubspotapp.test.LoginPageTest" name="hubSpotSignUpLink_IsPrfesent" time="2.054"/>
  <testcase classname="com.qa.hubspotapp.test.LoginPageTest" name="hubSpotLogin" time="11.666"/>
</testsuite>