<?xml version="1.0" encoding="UTF-8"?>
<testng-results skipped="0" failed="0" ignored="0" total="5" passed="5">
  <reporter-output>
  </reporter-output>
  <suite name="Hub Spot Regression Test Suite" duration-ms="68702" started-at="2020-06-06T14:13:38Z" finished-at="2020-06-06T14:14:47Z">
    <groups>
    </groups>
    <test name="Regression Login Test - chrome" duration-ms="33518" started-at="2020-06-06T14:13:38Z" finished-at="2020-06-06T14:14:12Z">
      <class name="com.qa.hubspotapp.test.HomePageTest">
        <test-method status="PASS" signature="setUp()[pri:0, instance:com.qa.hubspotapp.test.HomePageTest@294425a7]" name="setUp" is-config="true" duration-ms="20100" started-at="2020-06-06T14:13:38Z" finished-at="2020-06-06T14:13:58Z">
          <reporter-output>
          </reporter-output>
        </test-method> <!-- setUp -->
        <test-method status="PASS" signature="verifyHomePageTitle()[pri:1, instance:com.qa.hubspotapp.test.HomePageTest@294425a7]" name="verifyHomePageTitle" duration-ms="3130" started-at="2020-06-06T14:13:58Z" finished-at="2020-06-06T14:14:02Z">
          <reporter-output>
          </reporter-output>
        </test-method> <!-- verifyHomePageTitle -->
        <test-method status="PASS" signature="verifyContactsLinkText()[pri:2, instance:com.qa.hubspotapp.test.HomePageTest@294425a7]" name="verifyContactsLinkText" duration-ms="3121" started-at="2020-06-06T14:14:02Z" finished-at="2020-06-06T14:14:05Z">
          <reporter-output>
          </reporter-output>
        </test-method> <!-- verifyContactsLinkText -->
        <test-method status="PASS" signature="verifyConversationsLinkText()[pri:3, instance:com.qa.hubspotapp.test.HomePageTest@294425a7]" name="verifyConversationsLinkText" duration-ms="1611" started-at="2020-06-06T14:14:05Z" finished-at="2020-06-06T14:14:07Z">
          <reporter-output>
          </reporter-output>
        </test-method> <!-- verifyConversationsLinkText -->
        <test-method status="PASS" signature="tearDown()[pri:0, instance:com.qa.hubspotapp.test.HomePageTest@294425a7]" name="tearDown" is-config="true" duration-ms="4521" started-at="2020-06-06T14:14:07Z" finished-at="2020-06-06T14:14:12Z">
          <reporter-output>
          </reporter-output>
        </test-method> <!-- tearDown -->
      </class> <!-- com.qa.hubspotapp.test.HomePageTest -->
    </test> <!-- Regression Login Test - chrome -->
    <test name="Regression Login Test - firefox" duration-ms="68702" started-at="2020-06-06T14:13:38Z" finished-at="2020-06-06T14:14:47Z">
      <class name="com.qa.hubspotapp.test.LoginPageTest">
        <test-method status="PASS" signature="setUp(java.lang.String)[pri:0, instance:com.qa.hubspotapp.test.LoginPageTest@6c80d78a]" name="setUp" is-config="true" duration-ms="24370" started-at="2020-06-06T14:13:38Z" finished-at="2020-06-06T14:14:03Z">
          <params>
            <param index="0">
              <value>
                <![CDATA[firefox]]>
              </value>
            </param>
          </params>
          <reporter-output>
          </reporter-output>
        </test-method> <!-- setUp -->
        <test-method status="PASS" signature="hubSpotSignUpLink_IsPresent()[pri:2, instance:com.qa.hubspotapp.test.LoginPageTest@6c80d78a]" name="hubSpotSignUpLink_IsPresent" duration-ms="9370" started-at="2020-06-06T14:14:20Z" finished-at="2020-06-06T14:14:29Z">
          <reporter-output>
          </reporter-output>
        </test-method> <!-- hubSpotSignUpLink_IsPresent -->
        <test-method status="PASS" signature="hubSpotLogin()[pri:3, instance:com.qa.hubspotapp.test.LoginPageTest@6c80d78a]" name="hubSpotLogin" duration-ms="9871" started-at="2020-06-06T14:14:29Z" finished-at="2020-06-06T14:14:39Z">
          <reporter-output>
          </reporter-output>
        </test-method> <!-- hubSpotLogin -->
        <test-method status="PASS" signature="tearDown()[pri:0, instance:com.qa.hubspotapp.test.LoginPageTest@6c80d78a]" name="tearDown" is-config="true" duration-ms="7638" started-at="2020-06-06T14:14:39Z" finished-at="2020-06-06T14:14:47Z">
          <reporter-output>
          </reporter-output>
        </test-method> <!-- tearDown -->
      </class> <!-- com.qa.hubspotapp.test.LoginPageTest -->
    </test> <!-- Regression Login Test - firefox -->
  </suite> <!-- Hub Spot Regression Test Suite -->
</testng-results>
